Using pre-set license
Built from '2020.3/release' branch; Version is '2020.3.1f1 (77a89f25062f) revision 7841951'; Using compiler version '192528614'; Build Type 'Release'
OS: 'Windows 10 Pro; OS build 19042.1052; Version 2009; 64bit' Language: 'en' Physical Memory: 32716 MB
BatchMode: 1, IsHumanControllingUs: 0, StartBugReporterOnCrash: 0, Is64bit: 1, IsPro: 0

 COMMAND LINE ARGUMENTS:
C:\Program Files\Unity\Hub\Editor\2020.3.1f1\Editor\Unity.exe
-adb2
-batchMode
-noUpm
-name
AssetImportWorker0
-projectPath
E:/_git/PoopDuJour/UNITY_PROJECT/PoopDuJour_FINALE
-logFile
Logs/AssetImportWorker0.log
-srvPort
58706
Successfully changed project path to: E:/_git/PoopDuJour/UNITY_PROJECT/PoopDuJour_FINALE
E:/_git/PoopDuJour/UNITY_PROJECT/PoopDuJour_FINALE
Using Asset Import Pipeline V2.
Refreshing native plugins compatible for Editor in 44.86 ms, found 0 plugins.
Preloading 0 native plugins for Editor in 0.00 ms.
Initialize engine version: 2020.3.1f1 (77a89f25062f)
[Subsystems] Discovering subsystems at path C:/Program Files/Unity/Hub/Editor/2020.3.1f1/Editor/Data/Resources/UnitySubsystems
[Subsystems] Discovering subsystems at path E:/_git/PoopDuJour/UNITY_PROJECT/PoopDuJour_FINALE/Assets
GfxDevice: creating device client; threaded=0
Direct3D:
    Version:  Direct3D 11.0 [level 11.1]
    Renderer: AMD Radeon R9 200 Series (ID=0x6810)
    Vendor:   
    VRAM:     2027 MB
    Driver:   27.20.14501.18003
Initialize mono
Mono path[0] = 'C:/Program Files/Unity/Hub/Editor/2020.3.1f1/Editor/Data/Managed'
Mono path[1] = 'C:/Program Files/Unity/Hub/Editor/2020.3.1f1/Editor/Data/MonoBleedingEdge/lib/mono/unityjit'
Mono config path = 'C:/Program Files/Unity/Hub/Editor/2020.3.1f1/Editor/Data/MonoBleedingEdge/etc'
Using monoOptions --debugger-agent=transport=dt_socket,embedding=1,server=y,suspend=n,address=127.0.0.1:56416
Begin MonoManager ReloadAssembly
Registering precompiled unity dll's ...
Register platform support module: C:/Program Files/Unity/Hub/Editor/2020.3.1f1/Editor/Data/PlaybackEngines/WebGLSupport/UnityEditor.WebGL.Extensions.dll
Register platform support module: C:/Program Files/Unity/Hub/Editor/2020.3.1f1/Editor/Data/PlaybackEngines/WindowsStandaloneSupport/UnityEditor.WindowsStandalone.Extensions.dll
Registered in 0.017710 seconds.
Native extension for WindowsStandalone target not found
Native extension for WebGL target not found
Refreshing native plugins compatible for Editor in 49.08 ms, found 0 plugins.
Preloading 0 native plugins for Editor in 0.00 ms.
Invoked RoslynAnalysisRunner static constructor.
RoslynAnalysisRunner will not be running.
RoslynAnalysisRunner has terminated.
Mono: successfully reloaded assembly
- Completed reload, in  3.695 seconds
Platform modules already initialized, skipping
Registering precompiled user dll's ...
Registered in 0.004100 seconds.
Begin MonoManager ReloadAssembly
Native extension for WindowsStandalone target not found
Native extension for WebGL target not found
Refreshing native plugins compatible for Editor in 45.50 ms, found 0 plugins.
Preloading 0 native plugins for Editor in 0.00 ms.
Invoked RoslynAnalysisRunner static constructor.
RoslynAnalysisRunner will not be running.
RoslynAnalysisRunner has terminated.
Mono: successfully reloaded assembly
- Completed reload, in  1.578 seconds
Platform modules already initialized, skipping
========================================================================
Worker process is ready to serve import requests
Launched and connected shader compiler UnityShaderCompiler.exe after 0.09 seconds
Refreshing native plugins compatible for Editor in 0.34 ms, found 0 plugins.
Preloading 0 native plugins for Editor in 0.00 ms.
Unloading 1573 Unused Serialized files (Serialized files now loaded: 0)
System memory in use before: 75.1 MB.
System memory in use after: 75.2 MB.

Unloading 13 unused Assets to reduce memory usage. Loaded Objects now: 2018.
Total: 2.060900 ms (FindLiveObjects: 0.186800 ms CreateObjectMapping: 0.039600 ms MarkObjects: 1.743300 ms  DeleteObjects: 0.089900 ms)

========================================================================
Received Import Request.
  path: Assets/_Scripts.cs
  artifactKey: Guid(a3b6292b82f325643bb846127544d88a) Importer(815301076,1909f56bfc062723c751e8b465ee728b)
Start importing Assets/_Scripts.cs using Guid(a3b6292b82f325643bb846127544d88a) Importer(815301076,1909f56bfc062723c751e8b465ee728b)  -> (artifact id: 'b67721711c3dad4175921e7e52b72533') in 0.072124 seconds
  Import took 0.075660 seconds .

========================================================================
Received Import Request.
  Time since last request: 0.007774 seconds.
  path: Assets/_Scripts.cs
  artifactKey: Guid(a3b6292b82f325643bb846127544d88a) Importer(815301076,1909f56bfc062723c751e8b465ee728b)
Start importing Assets/_Scripts.cs using Guid(a3b6292b82f325643bb846127544d88a) Importer(815301076,1909f56bfc062723c751e8b465ee728b)  -> (artifact id: 'b67721711c3dad4175921e7e52b72533') in 0.019241 seconds
  Import took 0.022804 seconds .

========================================================================
Received Import Request.
  Time since last request: 4.947426 seconds.
  path: Assets/_Fonts
  artifactKey: Guid(c6f4625b576df5a4785e452d034332a8) Importer(815301076,1909f56bfc062723c751e8b465ee728b)
Start importing Assets/_Fonts using Guid(c6f4625b576df5a4785e452d034332a8) Importer(815301076,1909f56bfc062723c751e8b465ee728b)  -> (artifact id: '927a5e65916fd339094eb5b6a57b42c9') in 0.017018 seconds
  Import took 0.021020 seconds .

========================================================================
Received Import Request.
  Time since last request: 0.001913 seconds.
  path: Assets/_Fonts
  artifactKey: Guid(c6f4625b576df5a4785e452d034332a8) Importer(815301076,1909f56bfc062723c751e8b465ee728b)
Start importing Assets/_Fonts using Guid(c6f4625b576df5a4785e452d034332a8) Importer(815301076,1909f56bfc062723c751e8b465ee728b)  -> (artifact id: '927a5e65916fd339094eb5b6a57b42c9') in 0.016761 seconds
  Import took 0.021090 seconds .

========================================================================
Received Prepare
Registering precompiled user dll's ...
Registered in 0.004582 seconds.
Begin MonoManager ReloadAssembly
Native extension for WindowsStandalone target not found
Native extension for WebGL target not found
Refreshing native plugins compatible for Editor in 0.32 ms, found 0 plugins.
Preloading 0 native plugins for Editor in 0.00 ms.
Invoked RoslynAnalysisRunner static constructor.
RoslynAnalysisRunner will not be running.
RoslynAnalysisRunner has terminated.
Mono: successfully reloaded assembly
- Completed reload, in  1.966 seconds
Platform modules already initialized, skipping
Refreshing native plugins compatible for Editor in 0.48 ms, found 0 plugins.
Preloading 0 native plugins for Editor in 0.00 ms.
Unloading 1564 Unused Serialized files (Serialized files now loaded: 0)
System memory in use before: 75.0 MB.
System memory in use after: 75.0 MB.

Unloading 6 unused Assets to reduce memory usage. Loaded Objects now: 2021.
Total: 3.753700 ms (FindLiveObjects: 0.312300 ms CreateObjectMapping: 0.122900 ms MarkObjects: 3.231500 ms  DeleteObjects: 0.085000 ms)

========================================================================
Received Import Request.
  Time since last request: 548.113751 seconds.
  path: Assets/_3dModels/madison_square_garden
  artifactKey: Guid(b6bf33fe6ce973147b9e631daaf4140e) Importer(815301076,1909f56bfc062723c751e8b465ee728b)
Start importing Assets/_3dModels/madison_square_garden using Guid(b6bf33fe6ce973147b9e631daaf4140e) Importer(815301076,1909f56bfc062723c751e8b465ee728b)  -> (artifact id: '0ae89d1f4725b1aef2071987c02c2dcf') in 0.019240 seconds
  Import took 0.022841 seconds .

========================================================================
Received Import Request.
  Time since last request: 6.005278 seconds.
  path: Assets/_3dModels/madison_square_garden/model.dae
  artifactKey: Guid(2d2a1ee46c607f648b1b5bad0091f382) Importer(815301076,1909f56bfc062723c751e8b465ee728b)
Start importing Assets/_3dModels/madison_square_garden/model.dae using Guid(2d2a1ee46c607f648b1b5bad0091f382) Importer(815301076,1909f56bfc062723c751e8b465ee728b)  -> (artifact id: 'c5f3115cb43841ea06dba92defea2a79') in 30.699146 seconds
  Import took 31.369982 seconds .

========================================================================
Received Prepare
Registering precompiled user dll's ...
Registered in 0.006740 seconds.
Begin MonoManager ReloadAssembly
Native extension for WindowsStandalone target not found
Native extension for WebGL target not found
Refreshing native plugins compatible for Editor in 0.64 ms, found 0 plugins.
Preloading 0 native plugins for Editor in 0.00 ms.
Invoked RoslynAnalysisRunner static constructor.
RoslynAnalysisRunner will not be running.
RoslynAnalysisRunner has terminated.
Mono: successfully reloaded assembly
- Completed reload, in  2.259 seconds
Platform modules already initialized, skipping
Refreshing native plugins compatible for Editor in 0.65 ms, found 0 plugins.
Preloading 0 native plugins for Editor in 0.00 ms.
Unloading 1565 Unused Serialized files (Serialized files now loaded: 0)
System memory in use before: 159.6 MB.
System memory in use after: 159.7 MB.

Unloading 7 unused Assets to reduce memory usage. Loaded Objects now: 2067.
Total: 4.796700 ms (FindLiveObjects: 0.327400 ms CreateObjectMapping: 0.061700 ms MarkObjects: 4.141800 ms  DeleteObjects: 0.263700 ms)

